12:53:55,100 INFO  [ContextLoader:initWebApplicationContext:271] Root WebApplicationContext: initialization started
12:53:56,297 INFO  [OsaPropertiesFactoryBean:loadProperties:109] Loading properties file from class path resource [osa/common/odata/api/common-version.properties]
12:53:56,298 INFO  [OsaPropertiesFactoryBean:loadProperties:118] Optional property resource [class path resource [osa/common/odata/api/common-version.properties]] failed to load: class path resource [osa/common/odata/api/common-version.properties] cannot be opened because it does not exist
12:53:56,298 INFO  [OsaPropertiesFactoryBean:loadProperties:109] Loading properties file from class path resource [osa/common/odata/api/osa-common-default.properties]
12:53:56,300 INFO  [OsaPropertiesFactoryBean:loadProperties:109] Loading properties file from class path resource [osa-common.properties]
12:53:56,300 INFO  [OsaPropertiesFactoryBean:loadProperties:109] Loading properties file from ServletContext resource [/WEB-INF/osa-common.properties]
12:53:56,302 INFO  [OsaPropertiesFactoryBean:loadProperties:118] Optional property resource [ServletContext resource [/WEB-INF/osa-common.properties]] failed to load: Could not open ServletContext resource [/WEB-INF/osa-common.properties]
12:53:56,302 INFO  [OsaPropertiesFactoryBean:loadProperties:109] Loading properties file from URL [file:C:/Users/knormakhmatov/Desktop/template-project/odata-v3-war/conf/osa-common.properties]
12:53:56,303 INFO  [OsaPropertiesFactoryBean:loadProperties:118] Optional property resource [URL [file:C:/Users/knormakhmatov/Desktop/template-project/odata-v3-war/conf/osa-common.properties]] failed to load: C:\Users\knormakhmatov\Desktop\template-project\odata-v3-war\conf\osa-common.properties (The system cannot find the path specified)
12:53:56,303 INFO  [OsaPropertiesFactoryBean:loadProperties:109] Loading properties file from URL [file:C:/Users/knormakhmatov/osa-common.properties]
12:53:56,304 INFO  [OsaPropertiesFactoryBean:loadProperties:118] Optional property resource [URL [file:C:/Users/knormakhmatov/osa-common.properties]] failed to load: C:\Users\knormakhmatov\osa-common.properties (The system cannot find the file specified)
12:53:56,352 INFO  [OsaPropertiesFactoryBean:loadProperties:109] Loading properties file from class path resource [osa/referencedomain/odata/api/referencedomain-version.properties]
12:53:56,353 INFO  [OsaPropertiesFactoryBean:loadProperties:109] Loading properties file from class path resource [osa/referencedomain/odata/api/referencedomain-default.properties]
12:53:56,354 INFO  [OsaPropertiesFactoryBean:loadProperties:109] Loading properties file from class path resource [osa/common/odata/api/osa-common-default.properties]
12:53:56,355 INFO  [OsaPropertiesFactoryBean:loadProperties:109] Loading properties file from class path resource [osa-common.properties]
12:53:56,356 INFO  [OsaPropertiesFactoryBean:loadProperties:109] Loading properties file from ServletContext resource [/WEB-INF/osa-common.properties]
12:53:56,357 INFO  [OsaPropertiesFactoryBean:loadProperties:118] Optional property resource [ServletContext resource [/WEB-INF/osa-common.properties]] failed to load: Could not open ServletContext resource [/WEB-INF/osa-common.properties]
12:53:56,357 INFO  [OsaPropertiesFactoryBean:loadProperties:109] Loading properties file from URL [file:C:/Users/knormakhmatov/Desktop/template-project/odata-v3-war/conf/osa-common.properties]
12:53:56,358 INFO  [OsaPropertiesFactoryBean:loadProperties:118] Optional property resource [URL [file:C:/Users/knormakhmatov/Desktop/template-project/odata-v3-war/conf/osa-common.properties]] failed to load: C:\Users\knormakhmatov\Desktop\template-project\odata-v3-war\conf\osa-common.properties (The system cannot find the path specified)
12:53:56,358 INFO  [OsaPropertiesFactoryBean:loadProperties:109] Loading properties file from URL [file:C:/Users/knormakhmatov/osa-common.properties]
12:53:56,359 INFO  [OsaPropertiesFactoryBean:loadProperties:118] Optional property resource [URL [file:C:/Users/knormakhmatov/osa-common.properties]] failed to load: C:\Users\knormakhmatov\osa-common.properties (The system cannot find the file specified)
12:53:56,359 INFO  [OsaPropertiesFactoryBean:loadProperties:109] Loading properties file from class path resource [referencedomain.properties]
12:53:56,360 INFO  [OsaPropertiesFactoryBean:loadProperties:109] Loading properties file from ServletContext resource [/WEB-INF/referencedomain.properties]
12:53:56,360 INFO  [OsaPropertiesFactoryBean:loadProperties:118] Optional property resource [ServletContext resource [/WEB-INF/referencedomain.properties]] failed to load: Could not open ServletContext resource [/WEB-INF/referencedomain.properties]
12:53:56,361 INFO  [OsaPropertiesFactoryBean:loadProperties:109] Loading properties file from URL [file:C:/Users/knormakhmatov/Desktop/template-project/odata-v3-war/conf/referencedomain.properties]
12:53:56,361 INFO  [OsaPropertiesFactoryBean:loadProperties:118] Optional property resource [URL [file:C:/Users/knormakhmatov/Desktop/template-project/odata-v3-war/conf/referencedomain.properties]] failed to load: C:\Users\knormakhmatov\Desktop\template-project\odata-v3-war\conf\referencedomain.properties (The system cannot find the path specified)
12:53:56,361 INFO  [OsaPropertiesFactoryBean:loadProperties:109] Loading properties file from URL [file:C:/Users/knormakhmatov/referencedomain.properties]
12:53:56,362 INFO  [OsaPropertiesFactoryBean:loadProperties:118] Optional property resource [URL [file:C:/Users/knormakhmatov/referencedomain.properties]] failed to load: C:\Users\knormakhmatov\referencedomain.properties (The system cannot find the file specified)
12:53:56,362 INFO  [OsaPropertiesFactoryBean:loadProperties:109] Loading properties file from class path resource [referencedomain-server.properties]
12:53:56,363 INFO  [OsaPropertiesFactoryBean:loadProperties:118] Optional property resource [class path resource [referencedomain-server.properties]] failed to load: class path resource [referencedomain-server.properties] cannot be opened because it does not exist
12:53:56,363 INFO  [OsaPropertiesFactoryBean:loadProperties:109] Loading properties file from ServletContext resource [/WEB-INF/referencedomain-server.properties]
12:53:56,364 INFO  [OsaPropertiesFactoryBean:loadProperties:118] Optional property resource [ServletContext resource [/WEB-INF/referencedomain-server.properties]] failed to load: Could not open ServletContext resource [/WEB-INF/referencedomain-server.properties]
12:53:56,364 INFO  [OsaPropertiesFactoryBean:loadProperties:109] Loading properties file from URL [file:C:/Users/knormakhmatov/Desktop/template-project/odata-v3-war/conf/referencedomain-server.properties]
12:53:56,364 INFO  [OsaPropertiesFactoryBean:loadProperties:118] Optional property resource [URL [file:C:/Users/knormakhmatov/Desktop/template-project/odata-v3-war/conf/referencedomain-server.properties]] failed to load: C:\Users\knormakhmatov\Desktop\template-project\odata-v3-war\conf\referencedomain-server.properties (The system cannot find the path specified)
12:53:56,365 INFO  [OsaPropertiesFactoryBean:loadProperties:109] Loading properties file from URL [file:C:/Users/knormakhmatov/referencedomain-server.properties]
12:53:56,365 INFO  [OsaPropertiesFactoryBean:loadProperties:118] Optional property resource [URL [file:C:/Users/knormakhmatov/referencedomain-server.properties]] failed to load: C:\Users\knormakhmatov\referencedomain-server.properties (The system cannot find the file specified)
12:53:56,478 INFO  [OsaPropertiesFactoryBean:loadProperties:109] Loading properties file from class path resource [osa/referencedomain/odata/api/referencedomain-version.properties]
12:53:56,479 INFO  [OsaPropertiesFactoryBean:loadProperties:109] Loading properties file from URL [file:C:/Users/knormakhmatov/osa-versions.properties]
12:53:56,480 INFO  [OsaPropertiesFactoryBean:loadProperties:118] Optional property resource [URL [file:C:/Users/knormakhmatov/osa-versions.properties]] failed to load: C:\Users\knormakhmatov\osa-versions.properties (The system cannot find the file specified)
12:53:56,595 INFO  [InstanceConfiguration:setInstanceTag:191] InstanceTag is set to tasl0125.identity-odatav4-mock.server
12:53:56,611 INFO  [InstanceConfiguration:logJaxpImplementationInfo:160] DocumentBuilderFactory implementation: com.sun.org.apache.xerces.internal.jaxp.DocumentBuilderFactoryImpl loaded from: Java Runtime
12:53:56,614 INFO  [InstanceConfiguration:logJaxpImplementationInfo:161] XPathFactory implementation: com.sun.org.apache.xpath.internal.jaxp.XPathFactoryImpl loaded from: Java Runtime
12:53:56,614 INFO  [InstanceConfiguration:logJaxpImplementationInfo:162] TransformerFactory implementation: com.sun.org.apache.xalan.internal.xsltc.trax.TransformerFactoryImpl loaded from: Java Runtime
12:53:56,615 INFO  [InstanceConfiguration:logJaxpImplementationInfo:163] SAXParserFactory implementation: com.sun.org.apache.xerces.internal.jaxp.SAXParserFactoryImpl loaded from: Java Runtime
12:53:56,616 INFO  [DomainConfiguration:validate:671] Validating domain configuration for domain referencedomain configured as a server instance
12:53:56,616 INFO  [DomainConfiguration:validate:721] Property security.mapping.default.id is supplied in referencedomain properties, but not defined in DomainConfiguration class. Add a constant for it.
12:53:56,616 INFO  [DomainConfiguration:validate:721] Property security.swagger.password is supplied in referencedomain properties, but not defined in DomainConfiguration class. Add a constant for it.
12:53:56,617 INFO  [DomainConfiguration:validate:721] Property http.connectTimeout is supplied in referencedomain properties, but not defined in DomainConfiguration class. Add a constant for it.
12:53:56,617 INFO  [DomainConfiguration:validate:721] Property http.connectManagerTimeout is supplied in referencedomain properties, but not defined in DomainConfiguration class. Add a constant for it.
12:53:56,617 INFO  [DomainConfiguration:validate:721] Property diagnostics.rootpath is supplied in referencedomain properties, but not defined in DomainConfiguration class. Add a constant for it.
12:53:56,617 INFO  [DomainConfiguration:validate:721] Property security.jsontoken.default.alg is supplied in referencedomain properties, but not defined in DomainConfiguration class. Add a constant for it.
12:53:56,617 INFO  [DomainConfiguration:validate:721] Property security.swagger.username is supplied in referencedomain properties, but not defined in DomainConfiguration class. Add a constant for it.
12:53:56,617 INFO  [DomainConfiguration:validate:721] Property security.skew.tolerance is supplied in referencedomain properties, but not defined in DomainConfiguration class. Add a constant for it.
12:53:56,618 INFO  [DomainConfiguration:validate:721] Property security.jsontoken.json-values is supplied in referencedomain properties, but not defined in DomainConfiguration class. Add a constant for it.
12:53:56,618 INFO  [DomainConfiguration:validate:721] Property security.jsontoken.default.key is supplied in referencedomain properties, but not defined in DomainConfiguration class. Add a constant for it.
12:53:56,618 INFO  [DomainConfiguration:validate:721] Property security.jwks.refresh-minutes is supplied in referencedomain properties, but not defined in DomainConfiguration class. Add a constant for it.
12:53:56,618 INFO  [DomainConfiguration:validate:721] Property security.init.nokeystore is supplied in referencedomain properties, but not defined in DomainConfiguration class. Add a constant for it.
12:53:56,618 INFO  [DomainConfiguration:validate:721] Property security.jsontoken.allow.nosig is supplied in referencedomain properties, but not defined in DomainConfiguration class. Add a constant for it.
12:53:56,618 INFO  [DomainConfiguration:validate:721] Property environment is supplied in referencedomain properties, but not defined in DomainConfiguration class. Add a constant for it.
12:53:56,619 INFO  [DomainConfiguration:validate:745] Domain configuration validation for domain referencedomain has finished successfully
12:53:57,717 INFO  [ServerImpl:initDestination:95] Setting the server's publish address to be /Identity.svc
12:53:57,851 INFO  [DefaultInfoService:checkDisabledServices:94] Enabled Diagnostics services: [ROOT, AURA, CONFIGURATION, DEPENDENCIES, HEALTH, JWKS, OPENAPI, OPENAPIUI, VERSIONS]
12:53:57,916 INFO  [OsaXmlSecurityProvider:initializeKeyStore:340] C:\Users\knormakhmatov/.keystore does not exist, but provider is configured to startup anyways.  Attempts to sign/validate may fail if no keys are available.
12:54:00,419 INFO  [ServerImpl:initDestination:95] Setting the server's publish address to be /osainfo
12:54:00,461 INFO  [ContextLoader:initWebApplicationContext:307] Root WebApplicationContext initialized in 5350 ms
12:54:12,483 ERROR [OSAODataProducer:getEntity:471] Failed to get an entity from Entity3s: Invalid Id
com.wolterskluwer.osa.odata.commons.api.exception.NotFoundException: Invalid Id
	at com.wolterskluwer.osa.referencedomain.odata.server.mock.repository.Entity3RepositoryMock.getOne((Entity3RepositoryMock.java:118) ~[referencedomain-mock-impl-3.3.0-SNAPSHOT.jar:?]
	at com.wolterskluwer.osa.referencedomain.odata.server.mock.repository.Entity3RepositoryMock.getOne((Entity3RepositoryMock.java:49) ~[referencedomain-mock-impl-3.3.0-SNAPSHOT.jar:?]
	at com.wolterskluwer.osa.odata4j.core.server.OSAODataProducer.getEntity((OSAODataProducer.java:446) ~[osa-odata4j-core-3.3.0-SNAPSHOT.jar:?]
	at org.odata4j.producer.resources.EntityRequestResource.getEntityImpl((EntityRequestResource.java:393) ~[odata4j-core-0.8.3-20221221-patched.jar:?]
	at org.odata4j.producer.resources.EntityRequestResource.getEntity((EntityRequestResource.java:362) ~[odata4j-core-0.8.3-20221221-patched.jar:?]
	at org.apache.cxf.service.invoker.AbstractInvoker.performInvocation((AbstractInvoker.java:179) ~[cxf-core-3.4.10.jar:3.4.10]
	at org.apache.cxf.service.invoker.AbstractInvoker.invoke((AbstractInvoker.java:96) ~[cxf-core-3.4.10.jar:3.4.10]
	at org.apache.cxf.jaxrs.JAXRSInvoker.invoke((JAXRSInvoker.java:201) ~[cxf-rt-frontend-jaxrs-3.4.10.jar:3.4.10]
	at org.apache.cxf.jaxrs.JAXRSInvoker.invoke((JAXRSInvoker.java:104) ~[cxf-rt-frontend-jaxrs-3.4.10.jar:3.4.10]
	at org.apache.cxf.interceptor.ServiceInvokerInterceptor$1.run((ServiceInvokerInterceptor.java:59) ~[cxf-core-3.4.10.jar:3.4.10]
	at org.apache.cxf.interceptor.ServiceInvokerInterceptor.handleMessage((ServiceInvokerInterceptor.java:96) ~[cxf-core-3.4.10.jar:3.4.10]
	at org.apache.cxf.phase.PhaseInterceptorChain.doIntercept((PhaseInterceptorChain.java:308) ~[cxf-core-3.4.10.jar:3.4.10]
	at org.apache.cxf.transport.ChainInitiationObserver.onMessage((ChainInitiationObserver.java:121) ~[cxf-core-3.4.10.jar:3.4.10]
	at org.apache.cxf.transport.http.AbstractHTTPDestination.invoke((AbstractHTTPDestination.java:265) ~[cxf-rt-transports-http-3.4.10.jar:3.4.10]
	at org.apache.cxf.transport.servlet.ServletController.invokeDestination((ServletController.java:234) ~[cxf-rt-transports-http-3.4.10.jar:3.4.10]
	at org.apache.cxf.transport.servlet.ServletController.invoke((ServletController.java:208) ~[cxf-rt-transports-http-3.4.10.jar:3.4.10]
	at org.apache.cxf.transport.servlet.ServletController.invoke((ServletController.java:160) ~[cxf-rt-transports-http-3.4.10.jar:3.4.10]
	at org.apache.cxf.transport.servlet.CXFNonSpringServlet.invoke((CXFNonSpringServlet.java:225) ~[cxf-rt-transports-http-3.4.10.jar:3.4.10]
	at org.apache.cxf.transport.servlet.AbstractHTTPServlet.handleRequest((AbstractHTTPServlet.java:304) ~[cxf-rt-transports-http-3.4.10.jar:3.4.10]
	at org.apache.cxf.transport.servlet.AbstractHTTPServlet.doGet((AbstractHTTPServlet.java:222) ~[cxf-rt-transports-http-3.4.10.jar:3.4.10]
	at javax.servlet.http.HttpServlet.service((HttpServlet.java:687) ~[javax.servlet-api-3.1.0.jar:3.1.0]
	at org.apache.cxf.transport.servlet.AbstractHTTPServlet.service((AbstractHTTPServlet.java:279) ~[cxf-rt-transports-http-3.4.10.jar:3.4.10]
	at org.eclipse.jetty.servlet.ServletHolder$NotAsync.service((ServletHolder.java:1450) ~[jetty-servlet-9.4.48.v20220622.jar:9.4.48.v20220622]
	at org.eclipse.jetty.servlet.ServletHolder.handle((ServletHolder.java:799) ~[jetty-servlet-9.4.48.v20220622.jar:9.4.48.v20220622]
	at org.eclipse.jetty.servlet.ServletHandler$ChainEnd.doFilter((ServletHandler.java:1656) ~[jetty-servlet-9.4.48.v20220622.jar:9.4.48.v20220622]
	at org.eclipse.jetty.websocket.server.WebSocketUpgradeFilter.doFilter((WebSocketUpgradeFilter.java:292) ~[websocket-server-9.4.48.v20220622.jar:9.4.48.v20220622]
	at org.eclipse.jetty.servlet.FilterHolder.doFilter((FilterHolder.java:193) ~[?:?]
	at org.eclipse.jetty.servlet.ServletHandler$Chain.doFilter((ServletHandler.java:1626) ~[?:?]
	at org.eclipse.jetty.servlet.ServletHandler.doHandle((ServletHandler.java:552) ~[?:?]
	at org.eclipse.jetty.server.handler.ScopedHandler.handle((ScopedHandler.java:143) ~[?:?]
	at org.eclipse.jetty.security.SecurityHandler.handle((SecurityHandler.java:600) ~[?:?]
	at org.eclipse.jetty.server.handler.HandlerWrapper.handle((HandlerWrapper.java:127) ~[?:?]
	at org.eclipse.jetty.server.handler.ScopedHandler.nextHandle((ScopedHandler.java:235) ~[?:?]
	at org.eclipse.jetty.server.session.SessionHandler.doHandle((SessionHandler.java:1624) ~[?:?]
	at org.eclipse.jetty.server.handler.ScopedHandler.nextHandle((ScopedHandler.java:233) ~[?:?]
	at org.eclipse.jetty.server.handler.ContextHandler.doHandle((ContextHandler.java:1440) ~[?:?]
	at org.eclipse.jetty.server.handler.ScopedHandler.nextScope((ScopedHandler.java:188) ~[?:?]
	at org.eclipse.jetty.servlet.ServletHandler.doScope((ServletHandler.java:505) ~[?:?]
	at org.eclipse.jetty.server.session.SessionHandler.doScope((SessionHandler.java:1594) ~[?:?]
	at org.eclipse.jetty.server.handler.ScopedHandler.nextScope((ScopedHandler.java:186) ~[?:?]
	at org.eclipse.jetty.server.handler.ContextHandler.doScope((ContextHandler.java:1355) ~[?:?]
	at org.eclipse.jetty.server.handler.ScopedHandler.handle((ScopedHandler.java:141) ~[?:?]
	at org.eclipse.jetty.server.handler.ContextHandlerCollection.handle((ContextHandlerCollection.java:191) ~[?:?]
	at org.eclipse.jetty.server.handler.HandlerCollection.handle((HandlerCollection.java:146) ~[?:?]
	at org.eclipse.jetty.server.handler.HandlerWrapper.handle((HandlerWrapper.java:127) ~[?:?]
	at org.eclipse.jetty.server.Server.handle((Server.java:516) ~[?:?]
	at org.eclipse.jetty.server.HttpChannel.lambda$handle$1((HttpChannel.java:487) ~[?:?]
	at org.eclipse.jetty.server.HttpChannel.dispatch((HttpChannel.java:732) ~[?:?]
	at org.eclipse.jetty.server.HttpChannel.handle((HttpChannel.java:479) ~[?:?]
	at org.eclipse.jetty.server.HttpConnection.onFillable((HttpConnection.java:277) ~[?:?]
	at org.eclipse.jetty.io.AbstractConnection$ReadCallback.succeeded((AbstractConnection.java:311) ~[?:?]
	at org.eclipse.jetty.io.FillInterest.fillable((FillInterest.java:105) ~[?:?]
	at org.eclipse.jetty.io.ChannelEndPoint$1.run((ChannelEndPoint.java:104) ~[?:?]
	at org.eclipse.jetty.util.thread.QueuedThreadPool.runJob((QueuedThreadPool.java:883) ~[?:?]
	at org.eclipse.jetty.util.thread.QueuedThreadPool$Runner.run((QueuedThreadPool.java:1034) ~[?:?]
12:54:14,012 ERROR [OSAODataProducer:getEntity:471] Failed to get an entity from Entity3s: Invalid Id
com.wolterskluwer.osa.odata.commons.api.exception.NotFoundException: Invalid Id
	at com.wolterskluwer.osa.referencedomain.odata.server.mock.repository.Entity3RepositoryMock.getOne((Entity3RepositoryMock.java:118) ~[referencedomain-mock-impl-3.3.0-SNAPSHOT.jar:?]
	at com.wolterskluwer.osa.referencedomain.odata.server.mock.repository.Entity3RepositoryMock.getOne((Entity3RepositoryMock.java:49) ~[referencedomain-mock-impl-3.3.0-SNAPSHOT.jar:?]
	at com.wolterskluwer.osa.odata4j.core.server.OSAODataProducer.getEntity((OSAODataProducer.java:446) ~[osa-odata4j-core-3.3.0-SNAPSHOT.jar:?]
	at org.odata4j.producer.resources.EntityRequestResource.getEntityImpl((EntityRequestResource.java:393) ~[odata4j-core-0.8.3-20221221-patched.jar:?]
	at org.odata4j.producer.resources.EntityRequestResource.getEntity((EntityRequestResource.java:362) ~[odata4j-core-0.8.3-20221221-patched.jar:?]
	at org.apache.cxf.service.invoker.AbstractInvoker.performInvocation((AbstractInvoker.java:179) ~[cxf-core-3.4.10.jar:3.4.10]
	at org.apache.cxf.service.invoker.AbstractInvoker.invoke((AbstractInvoker.java:96) ~[cxf-core-3.4.10.jar:3.4.10]
	at org.apache.cxf.jaxrs.JAXRSInvoker.invoke((JAXRSInvoker.java:201) ~[cxf-rt-frontend-jaxrs-3.4.10.jar:3.4.10]
	at org.apache.cxf.jaxrs.JAXRSInvoker.invoke((JAXRSInvoker.java:104) ~[cxf-rt-frontend-jaxrs-3.4.10.jar:3.4.10]
	at org.apache.cxf.interceptor.ServiceInvokerInterceptor$1.run((ServiceInvokerInterceptor.java:59) ~[cxf-core-3.4.10.jar:3.4.10]
	at org.apache.cxf.interceptor.ServiceInvokerInterceptor.handleMessage((ServiceInvokerInterceptor.java:96) ~[cxf-core-3.4.10.jar:3.4.10]
	at org.apache.cxf.phase.PhaseInterceptorChain.doIntercept((PhaseInterceptorChain.java:308) ~[cxf-core-3.4.10.jar:3.4.10]
	at org.apache.cxf.transport.ChainInitiationObserver.onMessage((ChainInitiationObserver.java:121) ~[cxf-core-3.4.10.jar:3.4.10]
	at org.apache.cxf.transport.http.AbstractHTTPDestination.invoke((AbstractHTTPDestination.java:265) ~[cxf-rt-transports-http-3.4.10.jar:3.4.10]
	at org.apache.cxf.transport.servlet.ServletController.invokeDestination((ServletController.java:234) ~[cxf-rt-transports-http-3.4.10.jar:3.4.10]
	at org.apache.cxf.transport.servlet.ServletController.invoke((ServletController.java:208) ~[cxf-rt-transports-http-3.4.10.jar:3.4.10]
	at org.apache.cxf.transport.servlet.ServletController.invoke((ServletController.java:160) ~[cxf-rt-transports-http-3.4.10.jar:3.4.10]
	at org.apache.cxf.transport.servlet.CXFNonSpringServlet.invoke((CXFNonSpringServlet.java:225) ~[cxf-rt-transports-http-3.4.10.jar:3.4.10]
	at org.apache.cxf.transport.servlet.AbstractHTTPServlet.handleRequest((AbstractHTTPServlet.java:304) ~[cxf-rt-transports-http-3.4.10.jar:3.4.10]
	at org.apache.cxf.transport.servlet.AbstractHTTPServlet.doGet((AbstractHTTPServlet.java:222) ~[cxf-rt-transports-http-3.4.10.jar:3.4.10]
	at javax.servlet.http.HttpServlet.service((HttpServlet.java:687) ~[javax.servlet-api-3.1.0.jar:3.1.0]
	at org.apache.cxf.transport.servlet.AbstractHTTPServlet.service((AbstractHTTPServlet.java:279) ~[cxf-rt-transports-http-3.4.10.jar:3.4.10]
	at org.eclipse.jetty.servlet.ServletHolder$NotAsync.service((ServletHolder.java:1450) ~[jetty-servlet-9.4.48.v20220622.jar:9.4.48.v20220622]
	at org.eclipse.jetty.servlet.ServletHolder.handle((ServletHolder.java:799) ~[jetty-servlet-9.4.48.v20220622.jar:9.4.48.v20220622]
	at org.eclipse.jetty.servlet.ServletHandler$ChainEnd.doFilter((ServletHandler.java:1656) ~[jetty-servlet-9.4.48.v20220622.jar:9.4.48.v20220622]
	at org.eclipse.jetty.websocket.server.WebSocketUpgradeFilter.doFilter((WebSocketUpgradeFilter.java:292) ~[websocket-server-9.4.48.v20220622.jar:9.4.48.v20220622]
	at org.eclipse.jetty.servlet.FilterHolder.doFilter((FilterHolder.java:193) ~[?:?]
	at org.eclipse.jetty.servlet.ServletHandler$Chain.doFilter((ServletHandler.java:1626) ~[?:?]
	at org.eclipse.jetty.servlet.ServletHandler.doHandle((ServletHandler.java:552) ~[?:?]
	at org.eclipse.jetty.server.handler.ScopedHandler.handle((ScopedHandler.java:143) ~[?:?]
	at org.eclipse.jetty.security.SecurityHandler.handle((SecurityHandler.java:600) ~[?:?]
	at org.eclipse.jetty.server.handler.HandlerWrapper.handle((HandlerWrapper.java:127) ~[?:?]
	at org.eclipse.jetty.server.handler.ScopedHandler.nextHandle((ScopedHandler.java:235) ~[?:?]
	at org.eclipse.jetty.server.session.SessionHandler.doHandle((SessionHandler.java:1624) ~[?:?]
	at org.eclipse.jetty.server.handler.ScopedHandler.nextHandle((ScopedHandler.java:233) ~[?:?]
	at org.eclipse.jetty.server.handler.ContextHandler.doHandle((ContextHandler.java:1440) ~[?:?]
	at org.eclipse.jetty.server.handler.ScopedHandler.nextScope((ScopedHandler.java:188) ~[?:?]
	at org.eclipse.jetty.servlet.ServletHandler.doScope((ServletHandler.java:505) ~[?:?]
	at org.eclipse.jetty.server.session.SessionHandler.doScope((SessionHandler.java:1594) ~[?:?]
	at org.eclipse.jetty.server.handler.ScopedHandler.nextScope((ScopedHandler.java:186) ~[?:?]
	at org.eclipse.jetty.server.handler.ContextHandler.doScope((ContextHandler.java:1355) ~[?:?]
	at org.eclipse.jetty.server.handler.ScopedHandler.handle((ScopedHandler.java:141) ~[?:?]
	at org.eclipse.jetty.server.handler.ContextHandlerCollection.handle((ContextHandlerCollection.java:191) ~[?:?]
	at org.eclipse.jetty.server.handler.HandlerCollection.handle((HandlerCollection.java:146) ~[?:?]
	at org.eclipse.jetty.server.handler.HandlerWrapper.handle((HandlerWrapper.java:127) ~[?:?]
	at org.eclipse.jetty.server.Server.handle((Server.java:516) ~[?:?]
	at org.eclipse.jetty.server.HttpChannel.lambda$handle$1((HttpChannel.java:487) ~[?:?]
	at org.eclipse.jetty.server.HttpChannel.dispatch((HttpChannel.java:732) ~[?:?]
	at org.eclipse.jetty.server.HttpChannel.handle((HttpChannel.java:479) ~[?:?]
	at org.eclipse.jetty.server.HttpConnection.onFillable((HttpConnection.java:277) ~[?:?]
	at org.eclipse.jetty.io.AbstractConnection$ReadCallback.succeeded((AbstractConnection.java:311) ~[?:?]
	at org.eclipse.jetty.io.FillInterest.fillable((FillInterest.java:105) ~[?:?]
	at org.eclipse.jetty.io.ChannelEndPoint$1.run((ChannelEndPoint.java:104) ~[?:?]
	at org.eclipse.jetty.util.thread.strategy.EatWhatYouKill.runTask((EatWhatYouKill.java:338) ~[?:?]
	at org.eclipse.jetty.util.thread.strategy.EatWhatYouKill.doProduce((EatWhatYouKill.java:315) ~[?:?]
	at org.eclipse.jetty.util.thread.strategy.EatWhatYouKill.tryProduce((EatWhatYouKill.java:173) ~[?:?]
	at org.eclipse.jetty.util.thread.strategy.EatWhatYouKill.produce((EatWhatYouKill.java:137) ~[?:?]
	at org.eclipse.jetty.util.thread.QueuedThreadPool.runJob((QueuedThreadPool.java:883) ~[?:?]
	at org.eclipse.jetty.util.thread.QueuedThreadPool$Runner.run((QueuedThreadPool.java:1034) ~[?:?]
